<?xml version="1.0" encoding="UTF-8"?>
<!-- Generated by org.testng.reporters.JUnitReportReporter -->
<testsuite hostname="DESKTOP-4K2IFQ7" failures="0" tests="1" name="designPattern.DemoAmazonHomePage2" time="3.386" errors="0" timestamp="2021-03-29T19:45:41 IST" skipped="0">
  <testcase classname="designPattern.DemoAmazonHomePage2" name="searchProduct" time="3.386"/>
  <system-out/>
</testsuite> <!-- designPattern.DemoAmazonHomePage2 -->
