<?xml version="1.0" encoding="UTF-8"?>
<!-- Generated by org.testng.reporters.JUnitReportReporter -->
<testsuite hostname="DESKTOP-4K2IFQ7" failures="0" tests="1" name="designPattern.DemoAmazonHomePage" time="17.515" errors="0" timestamp="2021-03-29T19:17:41 IST" skipped="0">
  <testcase classname="designPattern.DemoAmazonHomePage" name="searchProduct" time="17.515"/>
  <system-out/>
</testsuite> <!-- designPattern.DemoAmazonHomePage -->
